build/app/outputs/logs/manifest-merger-debug-report.txt
-- Merging decision tree log ---
manifest
ADDED from src\main\AndroidManifest.xml:1:1-21:12
INJECTED from src\main\AndroidManifest.xml:1:1-21:12
INJECTED from src\main\AndroidManifest.xml:1:1-21:12
INJECTED from src\main\AndroidManifest.xml:1:1-21:12
MERGED from src\main\AndroidManifest.xml:1:1-21:12
MERGED from [:shared_preferences] AndroidManifest.xml:2:1-7:12
INJECTED from src\debug\AndroidManifest.xml:1:1-7:12
INJECTED from src\debug\AndroidManifest.xml:1:1-7:12
INJECTED from src\debug\AndroidManifest.xml:1:1-7:12
	package
		ADDED from src\main\AndroidManifest.xml:1:70-105
		INJECTED from src\main\AndroidManifest.xml
		INJECTED from src\debug\AndroidManifest.xml
	android:versionName
		INJECTED from src\main\AndroidManifest.xml
		ADDED from src\main\AndroidManifest.xml:1:1-21:12
		INJECTED from src\debug\AndroidManifest.xml
	android:versionCode
		INJECTED from src\main\AndroidManifest.xml
		ADDED from src\main\AndroidManifest.xml:1:1-21:12
		INJECTED from src\debug\AndroidManifest.xml
	xmlns:android
		ADDED from src\main\AndroidManifest.xml:1:11-69
uses-permission#android.permission.INTERNET
ADDED from src\main\AndroidManifest.xml:2:5-67
MERGED from src\main\AndroidManifest.xml:2:5-67
MERGED from src\main\AndroidManifest.xml:2:5-67
	android:name
		ADDED from src\main\AndroidManifest.xml:2:22-64
application
ADDED from src\main\AndroidManifest.xml:8:5-20:19
	android:label
		ADDED from src\main\AndroidManifest.xml:8:67-96
	android:icon
		ADDED from src\main\AndroidManifest.xml:8:97-131
	android:name
		ADDED from src\main\AndroidManifest.xml:8:18-66
activity#com.example.number_trivia.MainActivity
ADDED from src\main\AndroidManifest.xml:9:9-19:20
	android:launchMode
		ADDED from src\main\AndroidManifest.xml:9:48-78
	android:hardwareAccelerated
		ADDED from src\main\AndroidManifest.xml:9:246-280
	android:windowSoftInputMode
		ADDED from src\main\AndroidManifest.xml:9:281-323
	android:configChanges
		ADDED from src\main\AndroidManifest.xml:9:114-245
	android:theme
		ADDED from src\main\AndroidManifest.xml:9:79-113
	android:name
		ADDED from src\main\AndroidManifest.xml:9:19-47
meta-data#io.flutter.app.android.SplashScreenUntilFirstFrame
ADDED from src\main\AndroidManifest.xml:14:13-113
	android:value
		ADDED from src\main\AndroidManifest.xml:14:90-110
	android:name
		ADDED from src\main\AndroidManifest.xml:14:24-89
intent-filter#action:name:android.intent.action.MAIN+category:name:android.intent.category.LAUNCHER
ADDED from src\main\AndroidManifest.xml:15:13-18:29
action#android.intent.action.MAIN
ADDED from src\main\AndroidManifest.xml:16:17-68
	android:name
		ADDED from src\main\AndroidManifest.xml:16:25-66
category#android.intent.category.LAUNCHER
ADDED from src\main\AndroidManifest.xml:17:17-76
	android:name
		ADDED from src\main\AndroidManifest.xml:17:27-74
uses-sdk
INJECTED from src\main\AndroidManifest.xml reason: use-sdk injection requested
INJECTED from src\main\AndroidManifest.xml
INJECTED from src\main\AndroidManifest.xml
MERGED from [:shared_preferences] AndroidManifest.xml:5:5-44
MERGED from [:shared_preferences] AndroidManifest.xml:5:5-44
INJECTED from src\debug\AndroidManifest.xml
INJECTED from src\debug\AndroidManifest.xml
	android:targetSdkVersion
		INJECTED from src\main\AndroidManifest.xml
		INJECTED from src\debug\AndroidManifest.xml
	android:minSdkVersion
		INJECTED from src\main\AndroidManifest.xml
		INJECTED from src\debug\AndroidManifest.xml